0 silly argv {
0 silly argv   _: [ 'clean' ],
0 silly argv   yes: true,
0 silly argv   y: true,
0 silly argv   lernaVersion: '3.21.0',
0 silly argv   '$0': 'node_modules\\lerna\\cli.js'
0 silly argv }
1 notice cli v3.21.0
2 verbose rootPath C:\localhost\csgo
3 info clean removing C:\localhost\csgo\packages\next\node_modules
4 silly rimrafDir C:\localhost\csgo\packages\next\node_modules
5 info clean removing C:\localhost\csgo\packages\styled-jsx\node_modules
6 silly rimrafDir C:\localhost\csgo\packages\styled-jsx\node_modules
7 info clean removing C:\localhost\csgo\packages\webpack-node-externals\node_modules
8 silly rimrafDir C:\localhost\csgo\packages\webpack-node-externals\node_modules
9 info clean removing C:\localhost\csgo\services\auth-server\node_modules
10 silly rimrafDir C:\localhost\csgo\services\auth-server\node_modules
11 info clean removing C:\localhost\csgo\services\html\node_modules
12 silly rimrafDir C:\localhost\csgo\services\html\node_modules
13 error Error: Command failed: C:\Program Files\nodejs\node.exe C:\localhost\csgo\node_modules\rimraf\bin.js --no-glob C:\localhost\csgo\services\auth-server\node_modules\
13 error     at makeError (C:\localhost\csgo\node_modules\execa\index.js:174:9)
13 error     at C:\localhost\csgo\node_modules\execa\index.js:278:16
